c:\vs projects\zombie arena\debug\vc143.pdb
c:\vs projects\zombie arena\debug\vc143.idb
c:\vs projects\zombie arena\debug\zombie arena.obj
c:\vs projects\zombie arena\debug\createbackground.obj
c:\vs projects\zombie arena\debug\textureholder.obj
c:\vs projects\zombie arena\debug\createhorde.obj
c:\vs projects\zombie arena\debug\zombie.obj
c:\vs projects\zombie arena\debug\player.obj
c:\vs projects\zombie arena\debug\bullet.obj
c:\vs projects\zombie arena\debug\pickup.obj
c:\vs projects\zombie arena\debug\zombie arena.exe
c:\vs projects\zombie arena\debug\zombie arena.ilk
c:\vs projects\zombie arena\debug\zombie arena.pdb
c:\vs projects\zombie arena\debug\zombie arena.tlog\cl.command.1.tlog
c:\vs projects\zombie arena\debug\zombie arena.tlog\cl.items.tlog
c:\vs projects\zombie arena\debug\zombie arena.tlog\cl.read.1.tlog
c:\vs projects\zombie arena\debug\zombie arena.tlog\cl.write.1.tlog
c:\vs projects\zombie arena\debug\zombie arena.tlog\link.command.1.tlog
c:\vs projects\zombie arena\debug\zombie arena.tlog\link.read.1.tlog
c:\vs projects\zombie arena\debug\zombie arena.tlog\link.write.1.tlog
